Running: fuse.exe -relaunch -intstyle "ise" -incremental -lib "secureip" -o "C:/Users/rayou/Papilio/src/DDS_data_drive_test_isim_beh.exe" -prj "C:/Users/rayou/Papilio/src/DDS_data_drive_test_beh.prj" "work.DDS_data_drive_test" 
ISim P.20131013 (signature 0x7708f090)
Number of CPUs detected in this system: 8
Turning on mult-threading, number of parallel sub-compilation jobs: 16 
Determining compilation order of HDL files
Parsing VHDL file "C:/Users/rayou/Papilio/src/DDS_data_drive.vhd" into library work
Parsing VHDL file "C:/Users/rayou/Papilio/src/DDS_data_drive_test.vhd" into library work
Starting static elaboration
Completed static elaboration
Compiling package standard
Compiling package std_logic_1164
Compiling package numeric_std
Compiling package std_logic_arith
Compiling package std_logic_unsigned
Compiling architecture data_save of entity DDS_data_drive [\DDS_data_drive(64)\]
Compiling architecture behavior of entity dds_data_drive_test
Time Resolution for simulation is 1ps.
Waiting for 1 sub-compilation(s) to finish...
Compiled 8 VHDL Units
Built simulation executable C:/Users/rayou/Papilio/src/DDS_data_drive_test_isim_beh.exe
Fuse Memory Usage: 38888 KB
Fuse CPU Usage: 514 ms
