Running: E:\Xilinx\14.7\ISE_DS\ISE\bin\nt64\unwrapped\fuse.exe -intstyle ise -incremental -lib secureip -o D:/integ100/src/dds_test_isim_beh.exe -prj D:/integ100/src/dds_test_beh.prj work.dds_test 
ISim P.20131013 (signature 0x7708f090)
Number of CPUs detected in this system: 4
Turning on mult-threading, number of parallel sub-compilation jobs: 8 
Determining compilation order of HDL files
Parsing VHDL file "D:/integ100/src/AD9851_ctrl.vhd" into library work
Parsing VHDL file "D:/integ100/src/dds_test.vhd" into library work
Starting static elaboration
Completed static elaboration
Compiling package standard
Compiling package std_logic_1164
Compiling package numeric_std
Compiling package std_logic_arith
Compiling package std_logic_unsigned
Compiling architecture behavioral of entity AD9851_ctrl [ad9851_ctrl_default]
Compiling architecture behavior of entity dds_test
Time Resolution for simulation is 1ps.
Waiting for 1 sub-compilation(s) to finish...
Compiled 8 VHDL Units
Built simulation executable D:/integ100/src/dds_test_isim_beh.exe
Fuse Memory Usage: 36904 KB
Fuse CPU Usage: 608 ms
