INFO:sim:172 - Generating IP...
Applying current project options...
Finished applying current project options.
WARNING:sim - A core named 'clk_generator' already exists in the project. Output
   products for this core may be overwritten.
Resolving generics for 'clk_generator'...
WARNING:sim - A core named 'clk_generator' already exists in the project. Output
   products for this core may be overwritten.
Applying external generics to 'clk_generator'...
Delivering associated files for 'clk_generator'...
WARNING:sim - Component clk_wiz_v3_6 does not have a valid model name for VHDL
   synthesis
Delivering EJava files for 'clk_generator'...
Delivered 3 files into directory
E:/hoshino_Data/SotsuKen/ISE/myinteg100/src/ipcore_dir/tmp/_cg/clk_generator
Delivered 1 file into directory
E:/hoshino_Data/SotsuKen/ISE/myinteg100/src/ipcore_dir/tmp/_cg/clk_generator
Generating ASY schematic symbol...
Loading device for application Rf_Device from file '6slx9.nph' in environment
E:\Xilinx\14.7\ISE_DS\ISE\.
INFO:sim:949 - Finished generation of ASY schematic symbol.
Generating SYM schematic symbol for 'clk_generator'...
Generating ISE project...
XCO file found: clk_generator.xco
XMDF file found: clk_generator_xmdf.tcl
Adding
E:/hoshino_Data/SotsuKen/ISE/myinteg100/src/ipcore_dir/tmp/_cg/clk_generator.asy
-view all -origin_type imported
Adding
E:/hoshino_Data/SotsuKen/ISE/myinteg100/src/ipcore_dir/tmp/_cg/clk_generator.ucf
-view all -origin_type created
Adding
E:/hoshino_Data/SotsuKen/ISE/myinteg100/src/ipcore_dir/tmp/_cg/clk_generator.vhd
-view all -origin_type created
INFO:HDLCompiler:1061 - Parsing VHDL file
   "E:/hoshino_Data/SotsuKen/ISE/myinteg100/src/ipcore_dir/tmp/_cg/clk_generator
   .vhd" into library work
INFO:ProjectMgmt - Parsing design hierarchy completed successfully.
Adding
E:/hoshino_Data/SotsuKen/ISE/myinteg100/src/ipcore_dir/tmp/_cg/clk_generator.vho
-view all -origin_type imported
INFO:TclTasksC:2116 - The automatic calculation of top has been turned-off.
   Please set the new top explicitly by running the "project set top" command.
   To re-calculate the new top automatically, set the "Auto Implementation Top"
   property to true.
Top level has been set to "/clk_generator"
Generating README file...
Generating FLIST file...
INFO:sim:948 - Finished FLIST file generation.
Launching README viewer...
Moving files to output directory...
Finished moving files to output directory
Wrote CGP file for project 'clk_generator'.
